<?xml version="1.0" encoding="utf-8"?><testsuites name="pytest tests"><testsuite name="pytest" errors="0" failures="0" skipped="0" tests="92" time="12.242" timestamp="2026-08-10T18:52:54.692473+00:00" hostname="agent-env-0684c950-a95c-4a06-af84-7f533dab75be"><testcase classname="backend.tests.test_seo_prerender_iter8.TestPrerenderRoutes" name="test_returns_15_static_routes" time="0.164" /><testcase classname="backend.tests.test_seo_prerender_iter8.TestNewRoutesRendering" name="test_route_returns_200[/solutions/meeting-rooms]" time="0.148" /><testcase classname="backend.tests.test_seo_prerender_iter8.TestNewRoutesRendering" name="test_route_returns_200[/solutions/headsets]" time="0.233" /><testcase classname="backend.tests.test_seo_prerender_iter8.TestNewRoutesRendering" name="test_route_returns_200[/solutions/workspace-experience]" time="0.147" /><testcase classname="backend.tests.test_seo_prerender_iter8.TestNewRoutesRendering" name="test_route_returns_200[/brands]" time="0.147" /><testcase classname="backend.tests.test_seo_prerender_iter8.TestNewRoutesRendering" name="test_route_returns_200[/brands/morbit]" time="0.133" /><testcase classname="backend.tests.test_seo_prerender_iter8.TestNewRoutesRendering" name="test_route_returns_200[/brands/jabra]" time="0.131" /><testcase classname="backend.tests.test_seo_prerender_iter8.TestNewRoutesRendering" name="test_route_returns_200[/brands/poly]" time="0.103" /><testcase classname="backend.tests.test_seo_prerender_iter8.TestNewRoutesRendering" name="test_route_returns_200[/brands/neat]" time="0.117" /><testcase classname="backend.tests.test_seo_prerender_iter8.TestNewRoutesRendering" name="test_route_returns_200[/brands/yealink]" time="0.104" /><testcase classname="backend.tests.test_seo_prerender_iter8.TestNewRoutesRendering" name="test_route_returns_200[/brands/logitech]" time="0.211" /><testcase classname="backend.tests.test_seo_prerender_iter8.TestNewRoutesRendering" name="test_route_title_contains_keyword[/solutions/meeting-rooms-keywords0]" time="0.128" /><testcase classname="backend.tests.test_seo_prerender_iter8.TestNewRoutesRendering" name="test_route_title_contains_keyword[/solutions/headsets-keywords1]" time="0.118" /><testcase classname="backend.tests.test_seo_prerender_iter8.TestNewRoutesRendering" name="test_route_title_contains_keyword[/solutions/workspace-experience-keywords2]" time="0.104" /><testcase classname="backend.tests.test_seo_prerender_iter8.TestNewRoutesRendering" name="test_route_title_contains_keyword[/brands-keywords3]" time="0.110" /><testcase classname="backend.tests.test_seo_prerender_iter8.TestNewRoutesRendering" name="test_route_title_contains_keyword[/brands/morbit-keywords4]" time="0.098" /><testcase classname="backend.tests.test_seo_prerender_iter8.TestNewRoutesRendering" name="test_route_title_contains_keyword[/brands/jabra-keywords5]" time="0.123" /><testcase classname="backend.tests.test_seo_prerender_iter8.TestNewRoutesRendering" name="test_route_title_contains_keyword[/brands/poly-keywords6]" time="0.180" /><testcase classname="backend.tests.test_seo_prerender_iter8.TestNewRoutesRendering" name="test_route_title_contains_keyword[/brands/neat-keywords7]" time="0.114" /><testcase classname="backend.tests.test_seo_prerender_iter8.TestNewRoutesRendering" name="test_route_title_contains_keyword[/brands/yealink-keywords8]" time="0.115" /><testcase classname="backend.tests.test_seo_prerender_iter8.TestNewRoutesRendering" name="test_route_title_contains_keyword[/brands/logitech-keywords9]" time="0.118" /><testcase classname="backend.tests.test_seo_prerender_iter8.TestNewRoutesRendering" name="test_route_description_long_enough[/solutions/meeting-rooms]" time="0.104" /><testcase classname="backend.tests.test_seo_prerender_iter8.TestNewRoutesRendering" name="test_route_description_long_enough[/solutions/headsets]" time="0.142" /><testcase classname="backend.tests.test_seo_prerender_iter8.TestNewRoutesRendering" name="test_route_description_long_enough[/solutions/workspace-experience]" time="0.108" /><testcase classname="backend.tests.test_seo_prerender_iter8.TestNewRoutesRendering" name="test_route_description_long_enough[/brands]" time="0.128" /><testcase classname="backend.tests.test_seo_prerender_iter8.TestNewRoutesRendering" name="test_route_description_long_enough[/brands/morbit]" time="0.122" /><testcase classname="backend.tests.test_seo_prerender_iter8.TestNewRoutesRendering" name="test_route_description_long_enough[/brands/jabra]" time="0.133" /><testcase classname="backend.tests.test_seo_prerender_iter8.TestNewRoutesRendering" name="test_route_description_long_enough[/brands/poly]" time="0.192" /><testcase classname="backend.tests.test_seo_prerender_iter8.TestNewRoutesRendering" name="test_route_description_long_enough[/brands/neat]" time="0.129" /><testcase classname="backend.tests.test_seo_prerender_iter8.TestNewRoutesRendering" name="test_route_description_long_enough[/brands/yealink]" time="0.104" /><testcase classname="backend.tests.test_seo_prerender_iter8.TestNewRoutesRendering" name="test_route_description_long_enough[/brands/logitech]" time="0.132" /><testcase classname="backend.tests.test_seo_prerender_iter8.TestNewRoutesRendering" name="test_route_canonical_matches[/solutions/meeting-rooms]" time="0.136" /><testcase classname="backend.tests.test_seo_prerender_iter8.TestNewRoutesRendering" name="test_route_canonical_matches[/solutions/headsets]" time="0.132" /><testcase classname="backend.tests.test_seo_prerender_iter8.TestNewRoutesRendering" name="test_route_canonical_matches[/solutions/workspace-experience]" time="0.134" /><testcase classname="backend.tests.test_seo_prerender_iter8.TestNewRoutesRendering" name="test_route_canonical_matches[/brands]" time="0.114" /><testcase classname="backend.tests.test_seo_prerender_iter8.TestNewRoutesRendering" name="test_route_canonical_matches[/brands/morbit]" time="0.106" /><testcase classname="backend.tests.test_seo_prerender_iter8.TestNewRoutesRendering" name="test_route_canonical_matches[/brands/jabra]" time="0.115" /><testcase classname="backend.tests.test_seo_prerender_iter8.TestNewRoutesRendering" name="test_route_canonical_matches[/brands/poly]" time="0.102" /><testcase classname="backend.tests.test_seo_prerender_iter8.TestNewRoutesRendering" name="test_route_canonical_matches[/brands/neat]" time="0.125" /><testcase classname="backend.tests.test_seo_prerender_iter8.TestNewRoutesRendering" name="test_route_canonical_matches[/brands/yealink]" time="0.135" /><testcase classname="backend.tests.test_seo_prerender_iter8.TestNewRoutesRendering" name="test_route_canonical_matches[/brands/logitech]" time="0.139" /><testcase classname="backend.tests.test_seo_prerender_iter8.TestNewRoutesRendering" name="test_route_og_image_absolute_https[/solutions/meeting-rooms]" time="0.118" /><testcase classname="backend.tests.test_seo_prerender_iter8.TestNewRoutesRendering" name="test_route_og_image_absolute_https[/solutions/headsets]" time="0.116" /><testcase classname="backend.tests.test_seo_prerender_iter8.TestNewRoutesRendering" name="test_route_og_image_absolute_https[/solutions/workspace-experience]" time="0.139" /><testcase classname="backend.tests.test_seo_prerender_iter8.TestNewRoutesRendering" name="test_route_og_image_absolute_https[/brands]" time="0.132" /><testcase classname="backend.tests.test_seo_prerender_iter8.TestNewRoutesRendering" name="test_route_og_image_absolute_https[/brands/morbit]" time="0.107" /><testcase classname="backend.tests.test_seo_prerender_iter8.TestNewRoutesRendering" name="test_route_og_image_absolute_https[/brands/jabra]" time="0.137" /><testcase classname="backend.tests.test_seo_prerender_iter8.TestNewRoutesRendering" name="test_route_og_image_absolute_https[/brands/poly]" time="0.120" /><testcase classname="backend.tests.test_seo_prerender_iter8.TestNewRoutesRendering" name="test_route_og_image_absolute_https[/brands/neat]" time="0.129" /><testcase classname="backend.tests.test_seo_prerender_iter8.TestNewRoutesRendering" name="test_route_og_image_absolute_https[/brands/yealink]" time="0.111" /><testcase classname="backend.tests.test_seo_prerender_iter8.TestNewRoutesRendering" name="test_route_og_image_absolute_https[/brands/logitech]" time="0.141" /><testcase classname="backend.tests.test_seo_prerender_iter8.TestNewRoutesRendering" name="test_route_has_jsonld[/solutions/meeting-rooms]" time="0.138" /><testcase classname="backend.tests.test_seo_prerender_iter8.TestNewRoutesRendering" name="test_route_has_jsonld[/solutions/headsets]" time="0.121" /><testcase classname="backend.tests.test_seo_prerender_iter8.TestNewRoutesRendering" name="test_route_has_jsonld[/solutions/workspace-experience]" time="0.103" /><testcase classname="backend.tests.test_seo_prerender_iter8.TestNewRoutesRendering" name="test_route_has_jsonld[/brands]" time="0.120" /><testcase classname="backend.tests.test_seo_prerender_iter8.TestNewRoutesRendering" name="test_route_has_jsonld[/brands/morbit]" time="0.134" /><testcase classname="backend.tests.test_seo_prerender_iter8.TestNewRoutesRendering" name="test_route_has_jsonld[/brands/jabra]" time="0.140" /><testcase classname="backend.tests.test_seo_prerender_iter8.TestNewRoutesRendering" name="test_route_has_jsonld[/brands/poly]" time="0.123" /><testcase classname="backend.tests.test_seo_prerender_iter8.TestNewRoutesRendering" name="test_route_has_jsonld[/brands/neat]" time="0.116" /><testcase classname="backend.tests.test_seo_prerender_iter8.TestNewRoutesRendering" name="test_route_has_jsonld[/brands/yealink]" time="0.128" /><testcase classname="backend.tests.test_seo_prerender_iter8.TestNewRoutesRendering" name="test_route_has_jsonld[/brands/logitech]" time="0.122" /><testcase classname="backend.tests.test_seo_prerender_iter8.TestNewRoutesRendering" name="test_route_has_main_prerender_h1[/solutions/meeting-rooms]" time="0.126" /><testcase classname="backend.tests.test_seo_prerender_iter8.TestNewRoutesRendering" name="test_route_has_main_prerender_h1[/solutions/headsets]" time="0.130" /><testcase classname="backend.tests.test_seo_prerender_iter8.TestNewRoutesRendering" name="test_route_has_main_prerender_h1[/solutions/workspace-experience]" time="0.128" /><testcase classname="backend.tests.test_seo_prerender_iter8.TestNewRoutesRendering" name="test_route_has_main_prerender_h1[/brands]" time="0.134" /><testcase classname="backend.tests.test_seo_prerender_iter8.TestNewRoutesRendering" name="test_route_has_main_prerender_h1[/brands/morbit]" time="0.120" /><testcase classname="backend.tests.test_seo_prerender_iter8.TestNewRoutesRendering" name="test_route_has_main_prerender_h1[/brands/jabra]" time="0.141" /><testcase classname="backend.tests.test_seo_prerender_iter8.TestNewRoutesRendering" name="test_route_has_main_prerender_h1[/brands/poly]" time="0.142" /><testcase classname="backend.tests.test_seo_prerender_iter8.TestNewRoutesRendering" name="test_route_has_main_prerender_h1[/brands/neat]" time="0.127" /><testcase classname="backend.tests.test_seo_prerender_iter8.TestNewRoutesRendering" name="test_route_has_main_prerender_h1[/brands/yealink]" time="0.129" /><testcase classname="backend.tests.test_seo_prerender_iter8.TestNewRoutesRendering" name="test_route_has_main_prerender_h1[/brands/logitech]" time="0.153" /><testcase classname="backend.tests.test_seo_prerender_iter8.TestJsonLdSchemas" name="test_brands_hub_collectionpage_with_haspart" time="0.145" /><testcase classname="backend.tests.test_seo_prerender_iter8.TestJsonLdSchemas" name="test_brand_page_brand_and_breadcrumb[morbit]" time="0.132" /><testcase classname="backend.tests.test_seo_prerender_iter8.TestJsonLdSchemas" name="test_brand_page_brand_and_breadcrumb[jabra]" time="0.123" /><testcase classname="backend.tests.test_seo_prerender_iter8.TestJsonLdSchemas" name="test_brand_page_brand_and_breadcrumb[poly]" time="0.128" /><testcase classname="backend.tests.test_seo_prerender_iter8.TestJsonLdSchemas" name="test_brand_page_brand_and_breadcrumb[neat]" time="0.119" /><testcase classname="backend.tests.test_seo_prerender_iter8.TestJsonLdSchemas" name="test_brand_page_brand_and_breadcrumb[yealink]" time="0.128" /><testcase classname="backend.tests.test_seo_prerender_iter8.TestJsonLdSchemas" name="test_brand_page_brand_and_breadcrumb[logitech]" time="0.131" /><testcase classname="backend.tests.test_seo_prerender_iter8.TestJsonLdSchemas" name="test_solution_page_service_and_breadcrumb[/solutions/meeting-rooms]" time="0.155" /><testcase classname="backend.tests.test_seo_prerender_iter8.TestJsonLdSchemas" name="test_solution_page_service_and_breadcrumb[/solutions/headsets]" time="0.157" /><testcase classname="backend.tests.test_seo_prerender_iter8.TestJsonLdSchemas" name="test_solution_page_service_and_breadcrumb[/solutions/workspace-experience]" time="0.136" /><testcase classname="backend.tests.test_seo_prerender_iter8.TestBrandOgImages" name="test_jabra_og_image_points_to_logo" time="0.139" /><testcase classname="backend.tests.test_seo_prerender_iter8.TestBrandOgImages" name="test_logitech_og_image_points_to_logo" time="0.154" /><testcase classname="backend.tests.test_seo_prerender_iter8.TestBrandOgImages" name="test_brand_og_images_unique" time="0.881" /><testcase classname="backend.tests.test_seo_prerender_iter8.TestSitemap" name="test_valid_xml_with_urlset" time="0.135" /><testcase classname="backend.tests.test_seo_prerender_iter8.TestSitemap" name="test_all_new_static_urls_present" time="0.000" /><testcase classname="backend.tests.test_seo_prerender_iter8.TestSitemap" name="test_extra_pages_present" time="0.000" /><testcase classname="backend.tests.test_seo_prerender_iter8.TestSitemap" name="test_no_duplicate_locs" time="0.000" /><testcase classname="backend.tests.test_seo_prerender_iter8.TestSitemap" name="test_total_url_count_reasonable" time="0.000" /><testcase classname="backend.tests.test_seo_prerender_iter8.TestSitemap" name="test_blog_posts_included" time="0.000" /><testcase classname="backend.tests.test_seo_prerender_iter8.TestRegression" name="test_brands_roomz_still_200" time="0.106" /><testcase classname="backend.tests.test_seo_prerender_iter8.TestRegression" name="test_solutions_business_apps_still_200" time="0.139" /></testsuite></testsuites>