<?xml version="1.0" encoding="utf-8"?><testsuites name="pytest tests"><testsuite name="pytest" errors="0" failures="0" skipped="0" tests="47" time="1.503" timestamp="2026-08-10T18:37:24.288589+00:00" hostname="agent-env-0684c950-a95c-4a06-af84-7f533dab75be"><testcase classname="backend.tests.test_seo_prerender_iter6" name="test_og_image_absolute_and_correct[/-/HeroImage.png]" time="0.240" /><testcase classname="backend.tests.test_seo_prerender_iter6" name="test_og_image_absolute_and_correct[/solutions-/EnterpriseHeadsets.png]" time="0.143" /><testcase classname="backend.tests.test_seo_prerender_iter6" name="test_og_image_absolute_and_correct[/solutions/business-apps-/business-apps-ai-hero.png]" time="0.188" /><testcase classname="backend.tests.test_seo_prerender_iter6" name="test_og_image_absolute_and_correct[/brands/roomz-/hero-images/BrandHeroImages/ROOMZ2.jpg]" time="0.170" /><testcase classname="backend.tests.test_seo_prerender_iter6" name="test_home_og_image_alt_contains_title" time="0.200" /><testcase classname="backend.tests.test_seo_prerender_iter6" name="test_blog_index_og_image_absolute" time="0.122" /><testcase classname="backend.tests.test_seo_prerender_iter6" name="test_blog_post_og_image_and_jsonld_image" time="0.215" /><testcase classname="backend.tests.test_seo_prerender_iter6" name="test_unknown_path_returns_404" time="0.121" /><testcase classname="backend.tests.test_seo_prerender_iter6" name="test_static_file_exists[f0]" time="0.000" /><testcase classname="backend.tests.test_seo_prerender_iter6" name="test_static_file_exists[f1]" time="0.000" /><testcase classname="backend.tests.test_seo_prerender_iter6" name="test_static_file_exists[f2]" time="0.000" /><testcase classname="backend.tests.test_seo_prerender_iter6" name="test_static_file_exists[f3]" time="0.000" /><testcase classname="backend.tests.test_seo_prerender_iter6" name="test_static_file_exists[f4]" time="0.000" /><testcase classname="backend.tests.test_seo_prerender_iter6" name="test_static_file_has_react_bundle[f0]" time="0.000" /><testcase classname="backend.tests.test_seo_prerender_iter6" name="test_static_file_has_react_bundle[f1]" time="0.000" /><testcase classname="backend.tests.test_seo_prerender_iter6" name="test_static_file_has_react_bundle[f2]" time="0.000" /><testcase classname="backend.tests.test_seo_prerender_iter6" name="test_static_file_has_react_bundle[f3]" time="0.000" /><testcase classname="backend.tests.test_seo_prerender_iter6" name="test_static_file_has_react_bundle[f4]" time="0.000" /><testcase classname="backend.tests.test_seo_prerender_iter6" name="test_static_file_has_route_title[f0]" time="0.000" /><testcase classname="backend.tests.test_seo_prerender_iter6" name="test_static_file_has_route_title[f1]" time="0.000" /><testcase classname="backend.tests.test_seo_prerender_iter6" name="test_static_file_has_route_title[f2]" time="0.000" /><testcase classname="backend.tests.test_seo_prerender_iter6" name="test_static_file_has_route_title[f3]" time="0.000" /><testcase classname="backend.tests.test_seo_prerender_iter6" name="test_static_file_has_route_title[f4]" time="0.000" /><testcase classname="backend.tests.test_seo_prerender_iter6" name="test_static_file_has_description[f0]" time="0.000" /><testcase classname="backend.tests.test_seo_prerender_iter6" name="test_static_file_has_description[f1]" time="0.000" /><testcase classname="backend.tests.test_seo_prerender_iter6" name="test_static_file_has_description[f2]" time="0.000" /><testcase classname="backend.tests.test_seo_prerender_iter6" name="test_static_file_has_description[f3]" time="0.000" /><testcase classname="backend.tests.test_seo_prerender_iter6" name="test_static_file_has_description[f4]" time="0.000" /><testcase classname="backend.tests.test_seo_prerender_iter6" name="test_static_file_has_canonical[f0]" time="0.000" /><testcase classname="backend.tests.test_seo_prerender_iter6" name="test_static_file_has_canonical[f1]" time="0.000" /><testcase classname="backend.tests.test_seo_prerender_iter6" name="test_static_file_has_canonical[f2]" time="0.000" /><testcase classname="backend.tests.test_seo_prerender_iter6" name="test_static_file_has_canonical[f3]" time="0.000" /><testcase classname="backend.tests.test_seo_prerender_iter6" name="test_static_file_has_canonical[f4]" time="0.000" /><testcase classname="backend.tests.test_seo_prerender_iter6" name="test_static_file_has_jsonld[f0]" time="0.000" /><testcase classname="backend.tests.test_seo_prerender_iter6" name="test_static_file_has_jsonld[f1]" time="0.000" /><testcase classname="backend.tests.test_seo_prerender_iter6" name="test_static_file_has_jsonld[f2]" time="0.000" /><testcase classname="backend.tests.test_seo_prerender_iter6" name="test_static_file_has_jsonld[f3]" time="0.000" /><testcase classname="backend.tests.test_seo_prerender_iter6" name="test_static_file_has_jsonld[f4]" time="0.000" /><testcase classname="backend.tests.test_seo_prerender_iter6" name="test_static_file_has_seo_main[f0]" time="0.000" /><testcase classname="backend.tests.test_seo_prerender_iter6" name="test_static_file_has_seo_main[f1]" time="0.000" /><testcase classname="backend.tests.test_seo_prerender_iter6" name="test_static_file_has_seo_main[f2]" time="0.000" /><testcase classname="backend.tests.test_seo_prerender_iter6" name="test_static_file_has_seo_main[f3]" time="0.000" /><testcase classname="backend.tests.test_seo_prerender_iter6" name="test_static_file_has_seo_main[f4]" time="0.000" /><testcase classname="backend.tests.test_seo_prerender_iter6" name="test_at_least_one_blog_slug_file_exists" time="0.000" /><testcase classname="backend.tests.test_seo_prerender_iter6" name="test_titles_differ_across_routes" time="0.000" /><testcase classname="backend.tests.test_seo_prerender_iter6" name="test_specific_title_keywords" time="0.000" /><testcase classname="backend.tests.test_seo_prerender_iter6" name="test_home_and_roomz_og_image_differ" time="0.000" /></testsuite></testsuites>