<?xml version="1.0" encoding="utf-8"?><testsuites name="pytest tests"><testsuite name="pytest" errors="0" failures="0" skipped="1" tests="22" time="0.714" timestamp="2026-08-11T14:03:54.495458+00:00" hostname="agent-env-0684c950-a95c-4a06-af84-7f533dab75be"><testcase classname="backend.tests.test_seo_iter9.TestWwwRedirect" name="test_www_host_redirects_301_to_apex" time="0.003" /><testcase classname="backend.tests.test_seo_iter9.TestWwwRedirect" name="test_www_preserves_query_string" time="0.001" /><testcase classname="backend.tests.test_seo_iter9.TestWwwRedirect" name="test_www_uses_x_forwarded_proto_https" time="0.001" /><testcase classname="backend.tests.test_seo_iter9.TestWwwRedirect" name="test_apex_host_not_redirected" time="0.006" /><testcase classname="backend.tests.test_seo_iter9.TestWwwRedirect" name="test_default_host_not_redirected" time="0.002" /><testcase classname="backend.tests.test_seo_iter9.TestSitemapRootAlias" name="test_root_sitemap_xml_serves_200" time="0.003" /><testcase classname="backend.tests.test_seo_iter9.TestSitemapRootAlias" name="test_root_and_api_sitemap_match" time="0.004" /><testcase classname="backend.tests.test_seo_iter9.TestSitemapRootAlias" name="test_api_sitemap_via_public_url" time="0.000"><skipped type="pytest.skip" message="no REACT_APP_BACKEND_URL">/app/backend/tests/test_seo_iter9.py:116: no REACT_APP_BACKEND_URL</skipped></testcase><testcase classname="backend.tests.test_seo_iter9.TestIndexHtmlMetaDescription" name="test_exactly_one_meta_description" time="0.000" /><testcase classname="backend.tests.test_seo_iter9.TestIndexHtmlMetaDescription" name="test_surviving_description_is_specific" time="0.000" /><testcase classname="backend.tests.test_seo_iter9.TestPrerenderPublicRoutes" name="test_route_has_seo_essentials[/]" time="0.002" /><testcase classname="backend.tests.test_seo_iter9.TestPrerenderPublicRoutes" name="test_route_has_seo_essentials[/solutions]" time="0.001" /><testcase classname="backend.tests.test_seo_iter9.TestPrerenderPublicRoutes" name="test_route_has_seo_essentials[/solutions/business-apps]" time="0.001" /><testcase classname="backend.tests.test_seo_iter9.TestPrerenderPublicRoutes" name="test_route_has_seo_essentials[/brands/roomz]" time="0.001" /><testcase classname="backend.tests.test_seo_iter9.TestPrerenderPublicRoutes" name="test_route_has_seo_essentials[/blog]" time="0.001" /><testcase classname="backend.tests.test_seo_iter9.TestPrerenderPublicRoutes" name="test_dynamic_blog_slug_has_seo" time="0.002" /><testcase classname="backend.tests.test_seo_iter9.TestIter8Regression" name="test_prerender_routes_counts" time="0.001" /><testcase classname="backend.tests.test_seo_iter9.TestIter8Regression" name="test_sitemap_min_urls" time="0.002" /><testcase classname="backend.tests.test_seo_iter9.TestIter8Regression" name="test_brand_and_solution_seo[/brands/jabra]" time="0.001" /><testcase classname="backend.tests.test_seo_iter9.TestIter8Regression" name="test_brand_and_solution_seo[/solutions/meeting-rooms]" time="0.001" /><testcase classname="backend.tests.test_seo_iter9.TestPrerenderScriptBailBehaviour" name="test_unreachable_backend_exits_zero_default" time="0.182" /><testcase classname="backend.tests.test_seo_iter9.TestPrerenderScriptBailBehaviour" name="test_unreachable_backend_strict_fails" time="0.081" /></testsuite></testsuites>