<?xml version="1.0" encoding="utf-8"?><testsuites name="pytest tests"><testsuite name="pytest" errors="0" failures="0" skipped="0" tests="21" time="19.581" timestamp="2026-08-10T18:41:51.795706+00:00" hostname="agent-env-0684c950-a95c-4a06-af84-7f533dab75be"><testcase classname="backend.tests.test_seo_prerender_iter7" name="test_prereq_backend_url_available" time="0.000" /><testcase classname="backend.tests.test_seo_prerender_iter7" name="test_prereq_build_dir_present" time="0.000" /><testcase classname="backend.tests.test_seo_prerender_iter7.TestIdempotency" name="test_md5_index_html_stable" time="0.764" /><testcase classname="backend.tests.test_seo_prerender_iter7.TestIdempotency" name="test_md5_business_apps_stable" time="0.000" /><testcase classname="backend.tests.test_seo_prerender_iter7.TestIdempotency" name="test_md5_all_targets_stable" time="0.000" /><testcase classname="backend.tests.test_seo_prerender_iter7.TestIdempotency" name="test_uses_existing_snapshot_message" time="0.000" /><testcase classname="backend.tests.test_seo_prerender_iter7.TestDuplicateDetection" name="test_jsonld_count_exactly_two" time="0.000" /><testcase classname="backend.tests.test_seo_prerender_iter7.TestDuplicateDetection" name="test_seo_prerender_main_count_exactly_one" time="0.000" /><testcase classname="backend.tests.test_seo_prerender_iter7.TestDuplicateDetection" name="test_main_seo_prerender_open_close_pair" time="0.000" /><testcase classname="backend.tests.test_seo_prerender_iter7.TestShellSnapshot" name="test_snapshot_exists" time="0.000" /><testcase classname="backend.tests.test_seo_prerender_iter7.TestShellSnapshot" name="test_snapshot_has_no_seo_prerender" time="0.000" /><testcase classname="backend.tests.test_seo_prerender_iter7.TestShellSnapshot" name="test_snapshot_has_no_jsonld" time="0.000" /><testcase classname="backend.tests.test_seo_prerender_iter7.TestShellSnapshot" name="test_snapshot_still_has_react_bundle" time="0.000" /><testcase classname="backend.tests.test_seo_prerender_iter7.TestSafetyGuard" name="test_die_when_shell_missing_and_index_already_injected" time="0.207" /><testcase classname="backend.tests.test_seo_prerender_iter7.TestRegression" name="test_api_prerender_business_apps_200" time="0.124" /><testcase classname="backend.tests.test_seo_prerender_iter7.TestRegression" name="test_static_roomz_has_bundle_and_title" time="0.000" /><testcase classname="backend.tests.test_seo_prerender_iter7.TestRegression" name="test_og_image_absolute_https" time="0.000" /><testcase classname="backend.tests.test_seo_prerender_iter7.TestZFreshBuildPath" name="test_snapshot_created" time="18.413" /><testcase classname="backend.tests.test_seo_prerender_iter7.TestZFreshBuildPath" name="test_snapshot_log_message_first_run" time="0.000" /><testcase classname="backend.tests.test_seo_prerender_iter7.TestZFreshBuildPath" name="test_at_least_13_prerendered_files" time="0.001" /><testcase classname="backend.tests.test_seo_prerender_iter7.TestZFreshBuildPath" name="test_business_apps_present_after_fresh_build" time="0.000" /></testsuite></testsuites>