<?xml version="1.0" encoding="utf-8"?><testsuites name="pytest tests"><testsuite name="pytest" errors="0" failures="0" skipped="0" tests="15" time="3.387" timestamp="2026-02-10T21:37:57.222697+00:00" hostname="agent-env-bcc5bdba-0d1c-4bbd-b864-94aed497a81a"><testcase classname="backend.tests.test_blog_admin.TestHealthCheck" name="test_health_endpoint" time="0.075" /><testcase classname="backend.tests.test_blog_admin.TestAuthentication" name="test_login_success" time="0.295" /><testcase classname="backend.tests.test_blog_admin.TestAuthentication" name="test_login_invalid_credentials" time="0.035" /><testcase classname="backend.tests.test_blog_admin.TestAuthentication" name="test_login_wrong_password" time="0.264" /><testcase classname="backend.tests.test_blog_admin.TestBlogCRUD" name="test_get_posts_public" time="0.040" /><testcase classname="backend.tests.test_blog_admin.TestBlogCRUD" name="test_get_all_posts_authenticated" time="0.300" /><testcase classname="backend.tests.test_blog_admin.TestBlogCRUD" name="test_create_blog_post" time="0.304" /><testcase classname="backend.tests.test_blog_admin.TestBlogCRUD" name="test_create_and_verify_post_persistence" time="0.376" /><testcase classname="backend.tests.test_blog_admin.TestBlogCRUD" name="test_update_blog_post" time="0.414" /><testcase classname="backend.tests.test_blog_admin.TestBlogCRUD" name="test_delete_blog_post" time="0.366" /><testcase classname="backend.tests.test_blog_admin.TestBlogCRUD" name="test_duplicate_slug_rejected" time="0.386" /><testcase classname="backend.tests.test_blog_admin.TestBlogCRUD" name="test_unauthorized_create_rejected" time="0.042" /><testcase classname="backend.tests.test_blog_admin.TestContactForm" name="test_submit_contact_form" time="0.044" /><testcase classname="backend.tests.test_blog_admin.TestContactForm" name="test_contact_form_missing_fields" time="0.035" /><testcase classname="backend.tests.test_blog_admin.TestCleanup" name="test_cleanup_test_posts" time="0.339" /></testsuite></testsuites>