<?xml version="1.0" encoding="utf-8"?><testsuites name="pytest tests"><testsuite name="pytest" errors="0" failures="0" skipped="0" tests="8" time="2.363" timestamp="2026-02-12T13:51:14.730876+00:00" hostname="agent-env-b0d26ecb-e722-404c-af57-e3524848a897"><testcase classname="test_image_upload.TestAuthentication" name="test_login_success" time="0.283" /><testcase classname="test_image_upload.TestImageUpload" name="test_upload_png_image" time="0.294" /><testcase classname="test_image_upload.TestImageUpload" name="test_upload_jpeg_image" time="0.333" /><testcase classname="test_image_upload.TestImageUpload" name="test_upload_invalid_file_type" time="0.294" /><testcase classname="test_image_upload.TestImageUpload" name="test_upload_without_auth" time="0.034" /><testcase classname="test_image_upload.TestBlogPostWithBase64Image" name="test_create_post_with_base64_image" time="0.406" /><testcase classname="test_image_upload.TestBlogPostWithBase64Image" name="test_get_posts_with_base64_images" time="0.298" /><testcase classname="test_image_upload.TestCleanup" name="test_cleanup_test_posts" time="0.372" /></testsuite></testsuites>