<?xml version="1.0" encoding="utf-8"?><testsuites name="pytest tests"><testsuite name="pytest" errors="0" failures="0" skipped="0" tests="11" time="1.631" timestamp="2026-08-10T15:49:18.373999+00:00" hostname="agent-env-0684c950-a95c-4a06-af84-7f533dab75be"><testcase classname="backend.tests.test_seo_prerender.TestRoutesIndex" name="test_routes_index_status" time="0.376" /><testcase classname="backend.tests.test_seo_prerender.TestRoutesIndex" name="test_static_routes_include_required" time="0.000" /><testcase classname="backend.tests.test_seo_prerender.TestRoutesIndex" name="test_dynamic_routes_non_empty" time="0.000" /><testcase classname="backend.tests.test_seo_prerender.TestHome" name="test_home_render" time="0.189" /><testcase classname="backend.tests.test_seo_prerender.TestSolutions" name="test_solutions" time="0.141" /><testcase classname="backend.tests.test_seo_prerender.TestBusinessApps" name="test_business_apps" time="0.129" /><testcase classname="backend.tests.test_seo_prerender.TestRoomz" name="test_roomz" time="0.129" /><testcase classname="backend.tests.test_seo_prerender.TestBlog" name="test_blog_index" time="0.152" /><testcase classname="backend.tests.test_seo_prerender.TestBlog" name="test_blog_post" time="0.115" /><testcase classname="backend.tests.test_seo_prerender.TestNotFound" name="test_unknown_route" time="0.131" /><testcase classname="backend.tests.test_seo_prerender.TestNotFound" name="test_unknown_blog_slug" time="0.201" /></testsuite></testsuites>